Traceback (most recent call last):
  File "<frozen runpy>", line 198, in _run_module_as_main
  File "<frozen runpy>", line 88, in _run_code
  File "C:\Users\joax\AppData\Local\Programs\Python\Python312\Scripts\scrapy.exe\__main__.py", line 7, in <module>
  File "C:\Users\joax\AppData\Local\Programs\Python\Python312\Lib\site-packages\scrapy\cmdline.py", line 128, in execute
    settings = get_project_settings()
               ^^^^^^^^^^^^^^^^^^^^^^
  File "C:\Users\joax\AppData\Local\Programs\Python\Python312\Lib\site-packages\scrapy\utils\project.py", line 71, in get_project_settings
    settings.setmodule(settings_module_path, priority="project")
  File "C:\Users\joax\AppData\Local\Programs\Python\Python312\Lib\site-packages\scrapy\settings\__init__.py", line 385, in setmodule
    module = import_module(module)
             ^^^^^^^^^^^^^^^^^^^^^
  File "C:\Users\joax\AppData\Local\Programs\Python\Python312\Lib\importlib\__init__.py", line 90, in import_module
    return _bootstrap._gcd_import(name[level:], package, level)
           ^^^^^^^^^^^^^^^^^^^^^^^^^^^^^^^^^^^^^^^^^^^^^^^^^^^^
  File "<frozen importlib._bootstrap>", line 1387, in _gcd_import
  File "<frozen importlib._bootstrap>", line 1360, in _find_and_load
  File "<frozen importlib._bootstrap>", line 1331, in _find_and_load_unlocked
  File "<frozen importlib._bootstrap>", line 935, in _load_unlocked
  File "<frozen importlib._bootstrap_external>", line 995, in exec_module
  File "<frozen importlib._bootstrap>", line 488, in _call_with_frames_removed
  File "D:\Documents\Scrapy\dormy_scraper\dormy_scraper\settings.py", line 98, in <module>
    DOWNLOADER_MIDDLEWARES.update({
    ^^^^^^^^^^^^^^^^^^^^^^
NameError: name 'DOWNLOADER_MIDDLEWARES' is not defined
